<?xml version="1.0" encoding="UTF-8"?>
<testsuite name="com.kodilla.CalculationsTest" tests="1" skipped="0" failures="0" errors="0" timestamp="2019-12-28T23:37:45" hostname="DESKTOP-8VM8O5K" time="0.005">
  <properties/>
  <testcase name="findStudentsWhichSpeakPolishWithAverageFromMathAbove4" classname="com.kodilla.CalculationsTest" time="0.005"/>
  <system-out><![CDATA[]]></system-out>
  <system-err><![CDATA[]]></system-err>
</testsuite>
